<?xml version="1.0" encoding="UTF-8"?>
<!-- Generated by org.testng.reporters.JUnitXMLReporter -->
<testsuite hostname="DESKTOP-3P69UET" ignored="0" name="Test" tests="1" failures="1" timestamp="05 Jul 2017 03:26:32 GMT" time="15.511" errors="0">
  <testcase name="testWBT" time="2.316" classname="script.WBT">
    <failure type="java.lang.AssertionError" message="null">
      <![CDATA[java.lang.AssertionError: null
	at script.WBT.testWBT(WBT.java:23)
... Removed 27 stack frames]]>
    </failure>
  </testcase> <!-- testWBT -->
</testsuite> <!-- Test -->
