<?xml version="1.0" encoding="UTF-8"?>
<!-- Generated by org.testng.reporters.JUnitXMLReporter -->
<testsuite hostname="DESKTOP-3P69UET" ignored="1" name="RegressionTest" tests="1" failures="1" timestamp="05 Jul 2017 03:57:04 GMT" time="11.708" errors="0">
  <testcase name="testWBT" time="1.967" classname="script.WBT">
    <failure type="java.lang.AssertionError" message="null">
      <![CDATA[java.lang.AssertionError: null
	at script.WBT.testWBT(WBT.java:23)
... Removed 27 stack frames]]>
    </failure>
  </testcase> <!-- testWBT -->
  <testcase name="@BeforeSuite initFramework" time="0.0" classname="script.BaseTest">
    <ignored/>
  </testcase> <!-- @BeforeSuite initFramework -->
</testsuite> <!-- RegressionTest -->
