<?xml version="1.0" encoding="UTF-8"?>
<testng-results skipped="0" failed="1" ignored="0" total="1" passed="0">
  <reporter-output>
  </reporter-output>
  <suite name="Default suite" duration-ms="55072" started-at="2017-07-18T05:53:46Z" finished-at="2017-07-18T05:54:41Z">
    <groups>
    </groups>
    <test name="Default test" duration-ms="55072" started-at="2017-07-18T05:53:46Z" finished-at="2017-07-18T05:54:41Z">
      <class name="script.ValidLoginLogout">
        <test-method status="PASS" signature="initFramework()[pri:0, instance:script.ValidLoginLogout@13805618]" name="initFramework" is-config="true" duration-ms="66" started-at="2017-07-18T11:23:46Z" finished-at="2017-07-18T11:23:46Z">
          <reporter-output>
          </reporter-output>
        </test-method> <!-- initFramework -->
        <test-method status="PASS" signature="openApp(java.lang.String)[pri:0, instance:script.ValidLoginLogout@13805618]" name="openApp" is-config="true" duration-ms="25529" started-at="2017-07-18T11:23:46Z" finished-at="2017-07-18T11:24:12Z">
          <params>
            <param index="0">
              <value>
                <![CDATA[chrome]]>
              </value>
            </param>
          </params>
          <reporter-output>
          </reporter-output>
        </test-method> <!-- openApp -->
        <test-method status="FAIL" signature="testValidLoginLogout()[pri:1, instance:script.ValidLoginLogout@13805618]" name="testValidLoginLogout" duration-ms="25012" started-at="2017-07-18T11:24:12Z" finished-at="2017-07-18T11:24:37Z">
          <exception class="java.lang.NullPointerException">
            <full-stacktrace>
              <![CDATA[java.lang.NullPointerException
	at generic.BasePage.verifyTitle(BasePage.java:46)
	at script.ValidLoginLogout.testValidLoginLogout(ValidLoginLogout.java:27)
	at sun.reflect.NativeMethodAccessorImpl.invoke0(Native Method)
	at sun.reflect.NativeMethodAccessorImpl.invoke(NativeMethodAccessorImpl.java:62)
	at sun.reflect.DelegatingMethodAccessorImpl.invoke(DelegatingMethodAccessorImpl.java:43)
	at java.lang.reflect.Method.invoke(Method.java:498)
	at org.testng.internal.MethodInvocationHelper.invokeMethod(MethodInvocationHelper.java:108)
	at org.testng.internal.Invoker.invokeMethod(Invoker.java:661)
	at org.testng.internal.Invoker.invokeTestMethod(Invoker.java:869)
	at org.testng.internal.Invoker.invokeTestMethods(Invoker.java:1193)
	at org.testng.internal.TestMethodWorker.invokeTestMethods(TestMethodWorker.java:126)
	at org.testng.internal.TestMethodWorker.run(TestMethodWorker.java:109)
	at org.testng.TestRunner.privateRun(TestRunner.java:744)
	at org.testng.TestRunner.run(TestRunner.java:602)
	at org.testng.SuiteRunner.runTest(SuiteRunner.java:380)
	at org.testng.SuiteRunner.runSequentially(SuiteRunner.java:375)
	at org.testng.SuiteRunner.privateRun(SuiteRunner.java:340)
	at org.testng.SuiteRunner.run(SuiteRunner.java:289)
	at org.testng.SuiteRunnerWorker.runSuite(SuiteRunnerWorker.java:52)
	at org.testng.SuiteRunnerWorker.run(SuiteRunnerWorker.java:86)
	at org.testng.TestNG.runSuitesSequentially(TestNG.java:1301)
	at org.testng.TestNG.runSuitesLocally(TestNG.java:1226)
	at org.testng.TestNG.runSuites(TestNG.java:1144)
	at org.testng.TestNG.run(TestNG.java:1115)
	at org.testng.remote.AbstractRemoteTestNG.run(AbstractRemoteTestNG.java:132)
	at org.testng.remote.RemoteTestNG.initAndRun(RemoteTestNG.java:230)
	at org.testng.remote.RemoteTestNG.main(RemoteTestNG.java:76)
]]>
            </full-stacktrace>
          </exception> <!-- java.lang.NullPointerException -->
          <reporter-output>
          </reporter-output>
        </test-method> <!-- testValidLoginLogout -->
        <test-method status="PASS" signature="closeApp()[pri:0, instance:script.ValidLoginLogout@13805618]" name="closeApp" is-config="true" duration-ms="2472" started-at="2017-07-18T11:24:39Z" finished-at="2017-07-18T11:24:41Z">
          <reporter-output>
          </reporter-output>
        </test-method> <!-- closeApp -->
      </class> <!-- script.ValidLoginLogout -->
    </test> <!-- Default test -->
  </suite> <!-- Default suite -->
</testng-results>
